<?xml version="1.0" encoding="UTF-8"?>
<!DOCTYPE mapper
  PUBLIC "-//mybatis.org//DTD Mapper 3.0//EN"
  "http://mybatis.org/dtd/mybatis-3-mapper.dtd">

<mapper namespace="com.biz.test.dao.TestDao">

<select id="getQuery" resultType="TestVO">

with RECURSIVE CTE AS(

		SELECT facility_code,id, p_id, val FROM tbl_test WHERE  id = '1'
		
        UNION all
        
        SELECT t.facility_code, t.id, t.p_id, t.val FROM tbl_test t
        INNER JOIN CTE c on c.id = t.p_id
)
SELECT * FROM CTE;

</select>

</mapper>
 
 
 
 